2025-12-20 02:44:44	/var/www/dokuwiki/lib/plugins/iframe/syntax.php(26)	E_WARNING: Undefined array key 1
  #0 /var/www/dokuwiki/lib/plugins/iframe/syntax.php(26): dokuwiki\ErrorHandler::errorHandler()
  #1 /var/www/dokuwiki/inc/parser/handler.php(298): syntax_plugin_iframe->handle()
  #2 /var/www/dokuwiki/inc/Parsing/Lexer/Lexer.php(269): Doku_Handler->plugin()
  #3 /var/www/dokuwiki/inc/Parsing/Lexer/Lexer.php(196): dokuwiki\Parsing\Lexer\Lexer->invokeHandler()
  #4 /var/www/dokuwiki/inc/Parsing/Lexer/Lexer.php(146): dokuwiki\Parsing\Lexer\Lexer->dispatchTokens()
  #5 /var/www/dokuwiki/inc/Parsing/Parser.php(113): dokuwiki\Parsing\Lexer\Lexer->parse()
  #6 /var/www/dokuwiki/inc/parserutils.php(234): dokuwiki\Parsing\Parser->parse()
  #7 /var/www/dokuwiki/inc/parserutils.php(198): p_get_instructions()
  #8 /var/www/dokuwiki/inc/parserutils.php(520): p_cached_instructions()
  #9 /var/www/dokuwiki/inc/parserutils.php(299): p_render_metadata()
  #10 /var/www/dokuwiki/inc/common.php(265): p_get_metadata()
  #11 /var/www/dokuwiki/doku.php(101): pageinfo()
  #12 {main}
2025-12-20 12:20:23	/var/www/dokuwiki/lib/plugins/gitbacked/action/editcommit.php(326)	Exception: Git command failed to perform periodic pull: error: Your local changes to the following files would be overwritten by merge:
	pages/mr/gnoll_mob.txt
	pages/rpd/berserker_subclass.txt
	pages/rpd/hero_subclasses.txt
	pages/rpd/potion_of_healing.txt
	pages/rpd/rat.txt
	pages/rpd/short_sword.txt
Please commit your changes or stash them before you merge.
error: The following untracked working tree files would be overwritten by merge:
	pages/mr/assasin_armor_item.txt
	pages/mr/blindness_buff.txt
	pages/mr/charm_spell.txt
	pages/rpd/invisibility_buff.txt
	pages/rpd/potion_of_invisibility.txt
	pages/rpd/ring_of_shadows.txt
Please move or remove them before you merge.
Aborting

  #0 /var/www/dokuwiki/inc/Extension/EventHandler.php(80): action_plugin_gitbacked_editcommit->handlePeriodicPull()
  #1 /var/www/dokuwiki/inc/Extension/Event.php(97): dokuwiki\Extension\EventHandler->process_event()
  #2 /var/www/dokuwiki/inc/Extension/Event.php(137): dokuwiki\Extension\Event->advise_after()
  #3 /var/www/dokuwiki/inc/Extension/Event.php(200): dokuwiki\Extension\Event->trigger()
  #4 /var/www/dokuwiki/doku.php(134): dokuwiki\Extension\Event::createAndTrigger()
  #5 {main}
2025-12-20 17:16:37	/var/www/dokuwiki/lib/plugins/iframe/syntax.php(26)	E_WARNING: Undefined array key 1
  #0 /var/www/dokuwiki/lib/plugins/iframe/syntax.php(26): dokuwiki\ErrorHandler::errorHandler()
  #1 /var/www/dokuwiki/inc/parser/handler.php(298): syntax_plugin_iframe->handle()
  #2 /var/www/dokuwiki/inc/Parsing/Lexer/Lexer.php(269): Doku_Handler->plugin()
  #3 /var/www/dokuwiki/inc/Parsing/Lexer/Lexer.php(196): dokuwiki\Parsing\Lexer\Lexer->invokeHandler()
  #4 /var/www/dokuwiki/inc/Parsing/Lexer/Lexer.php(146): dokuwiki\Parsing\Lexer\Lexer->dispatchTokens()
  #5 /var/www/dokuwiki/inc/Parsing/Parser.php(113): dokuwiki\Parsing\Lexer\Lexer->parse()
  #6 /var/www/dokuwiki/inc/parserutils.php(234): dokuwiki\Parsing\Parser->parse()
  #7 /var/www/dokuwiki/inc/parserutils.php(198): p_get_instructions()
  #8 /var/www/dokuwiki/inc/parserutils.php(520): p_cached_instructions()
  #9 /var/www/dokuwiki/inc/parserutils.php(299): p_render_metadata()
  #10 /var/www/dokuwiki/inc/Feed/FeedPageProcessor.php(176): p_get_metadata()
  #11 /var/www/dokuwiki/inc/Feed/FeedPageProcessor.php(98): dokuwiki\Feed\FeedPageProcessor->getMetaData()
  #12 /var/www/dokuwiki/inc/Feed/FeedPageProcessor.php(75): dokuwiki\Feed\FeedPageProcessor->getAbstract()
  #13 /var/www/dokuwiki/inc/Feed/FeedCreator.php(97): dokuwiki\Feed\FeedPageProcessor->getBody()
  #14 /var/www/dokuwiki/inc/Feed/FeedCreator.php(61): dokuwiki\Feed\FeedCreator->createAndAddItem()
  #15 /var/www/dokuwiki/feed.php(68): dokuwiki\Feed\FeedCreator->build()
  #16 {main}
