2025-12-19 00:18:04	/var/www/dokuwiki/lib/plugins/iframe/syntax.php(26)	E_WARNING: Undefined array key 1
  #0 /var/www/dokuwiki/lib/plugins/iframe/syntax.php(26): dokuwiki\ErrorHandler::errorHandler()
  #1 /var/www/dokuwiki/inc/parser/handler.php(298): syntax_plugin_iframe->handle()
  #2 /var/www/dokuwiki/inc/Parsing/Lexer/Lexer.php(269): Doku_Handler->plugin()
  #3 /var/www/dokuwiki/inc/Parsing/Lexer/Lexer.php(196): dokuwiki\Parsing\Lexer\Lexer->invokeHandler()
  #4 /var/www/dokuwiki/inc/Parsing/Lexer/Lexer.php(146): dokuwiki\Parsing\Lexer\Lexer->dispatchTokens()
  #5 /var/www/dokuwiki/inc/Parsing/Parser.php(113): dokuwiki\Parsing\Lexer\Lexer->parse()
  #6 /var/www/dokuwiki/inc/parserutils.php(234): dokuwiki\Parsing\Parser->parse()
  #7 /var/www/dokuwiki/inc/parserutils.php(198): p_get_instructions()
  #8 /var/www/dokuwiki/inc/parserutils.php(520): p_cached_instructions()
  #9 /var/www/dokuwiki/inc/parserutils.php(299): p_render_metadata()
  #10 /var/www/dokuwiki/inc/common.php(265): p_get_metadata()
  #11 /var/www/dokuwiki/doku.php(101): pageinfo()
  #12 {main}
2025-12-19 01:23:53	/var/www/dokuwiki/lib/plugins/gitbacked/action/editcommit.php(326)	Exception: Git command failed to perform periodic pull: From github.com:NYRDS/wiki-data
 * branch            master     -> FETCH_HEAD
warning: fetch updated the current branch head.
fast-forwarding your working tree from
commit 4fff78d83a17e5f021dff0266612bdbba0545ed2.
error: Your local changes to the following files would be overwritten by merge:
	pages/rpd/crystal_mob.txt
	pages/rpd/earth_elemental.txt
Please commit your changes or stash them before you merge.
error: The following untracked working tree files would be overwritten by merge:
	pages/mr/black_rat_mob.txt
	pages/mr/crystal_mob.txt
	pages/mr/earth_elemental_mob.txt
	pages/mr/ring_of_stone_walking_item.txt
Please move or remove them before you merge.
Aborting
fatal: Cannot fast-forward your working tree.
After making sure that you saved anything precious from
$ git diff 4fff78d83a17e5f021dff0266612bdbba0545ed2
output, run
$ git reset --hard
to recover.

  #0 /var/www/dokuwiki/inc/Extension/EventHandler.php(80): action_plugin_gitbacked_editcommit->handlePeriodicPull()
  #1 /var/www/dokuwiki/inc/Extension/Event.php(97): dokuwiki\Extension\EventHandler->process_event()
  #2 /var/www/dokuwiki/inc/Extension/Event.php(137): dokuwiki\Extension\Event->advise_after()
  #3 /var/www/dokuwiki/inc/Extension/Event.php(200): dokuwiki\Extension\Event->trigger()
  #4 /var/www/dokuwiki/doku.php(134): dokuwiki\Extension\Event::createAndTrigger()
  #5 {main}
2025-12-19 02:42:54	/var/www/dokuwiki/lib/plugins/iframe/syntax.php(26)	E_WARNING: Undefined array key 1
  #0 /var/www/dokuwiki/lib/plugins/iframe/syntax.php(26): dokuwiki\ErrorHandler::errorHandler()
  #1 /var/www/dokuwiki/inc/parser/handler.php(298): syntax_plugin_iframe->handle()
  #2 /var/www/dokuwiki/inc/Parsing/Lexer/Lexer.php(269): Doku_Handler->plugin()
  #3 /var/www/dokuwiki/inc/Parsing/Lexer/Lexer.php(196): dokuwiki\Parsing\Lexer\Lexer->invokeHandler()
  #4 /var/www/dokuwiki/inc/Parsing/Lexer/Lexer.php(146): dokuwiki\Parsing\Lexer\Lexer->dispatchTokens()
  #5 /var/www/dokuwiki/inc/Parsing/Parser.php(113): dokuwiki\Parsing\Lexer\Lexer->parse()
  #6 /var/www/dokuwiki/inc/parserutils.php(234): dokuwiki\Parsing\Parser->parse()
  #7 /var/www/dokuwiki/inc/parserutils.php(198): p_get_instructions()
  #8 /var/www/dokuwiki/inc/parserutils.php(520): p_cached_instructions()
  #9 /var/www/dokuwiki/inc/parserutils.php(299): p_render_metadata()
  #10 /var/www/dokuwiki/inc/common.php(265): p_get_metadata()
  #11 /var/www/dokuwiki/doku.php(101): pageinfo()
  #12 {main}
2025-12-19 03:22:46	/var/www/dokuwiki/lib/plugins/gitbacked/action/editcommit.php(605)	ParseError: syntax error, unexpected token "private", expecting end of file
  #0 /var/www/dokuwiki/inc/load.php(104): class@anonymous->autoloadNamedPluginClass()
  #1 [internal function]: class@anonymous->autoload()
  #2 /var/www/dokuwiki/inc/Extension/PluginController.php(107): class_exists()
  #3 /var/www/dokuwiki/inc/pluginutils.php(55): dokuwiki\Extension\PluginController->load()
  #4 /var/www/dokuwiki/inc/Extension/EventHandler.php(32): plugin_load()
  #5 /var/www/dokuwiki/inc/init.php(230): dokuwiki\Extension\EventHandler->__construct()
  #6 /var/www/dokuwiki/doku.php(38): require_once('...')
  #7 {main}
2025-12-19 03:22:46	/var/www/dokuwiki/lib/plugins/gitbacked/action/editcommit.php(605)	ParseError: syntax error, unexpected token "private", expecting end of file
  #0 /var/www/dokuwiki/inc/load.php(104): class@anonymous->autoloadNamedPluginClass()
  #1 [internal function]: class@anonymous->autoload()
  #2 /var/www/dokuwiki/inc/Extension/PluginController.php(107): class_exists()
  #3 /var/www/dokuwiki/inc/pluginutils.php(55): dokuwiki\Extension\PluginController->load()
  #4 /var/www/dokuwiki/inc/Extension/EventHandler.php(32): plugin_load()
  #5 /var/www/dokuwiki/inc/init.php(230): dokuwiki\Extension\EventHandler->__construct()
  #6 /var/www/dokuwiki/doku.php(38): require_once('...')
  #7 {main}
2025-12-19 03:22:46	/var/www/dokuwiki/lib/plugins/gitbacked/action/editcommit.php(605)	ParseError: syntax error, unexpected token "private", expecting end of file
  #0 /var/www/dokuwiki/inc/load.php(104): class@anonymous->autoloadNamedPluginClass()
  #1 [internal function]: class@anonymous->autoload()
  #2 /var/www/dokuwiki/inc/Extension/PluginController.php(107): class_exists()
  #3 /var/www/dokuwiki/inc/pluginutils.php(55): dokuwiki\Extension\PluginController->load()
  #4 /var/www/dokuwiki/inc/Extension/EventHandler.php(32): plugin_load()
  #5 /var/www/dokuwiki/inc/init.php(230): dokuwiki\Extension\EventHandler->__construct()
  #6 /var/www/dokuwiki/lib/exe/taskrunner.php(16): require_once('...')
  #7 {main}
2025-12-19 03:22:46	/var/www/dokuwiki/lib/plugins/gitbacked/action/editcommit.php(605)	ParseError: syntax error, unexpected token "private", expecting end of file
  #0 /var/www/dokuwiki/inc/load.php(104): class@anonymous->autoloadNamedPluginClass()
  #1 [internal function]: class@anonymous->autoload()
  #2 /var/www/dokuwiki/inc/Extension/PluginController.php(107): class_exists()
  #3 /var/www/dokuwiki/inc/pluginutils.php(55): dokuwiki\Extension\PluginController->load()
  #4 /var/www/dokuwiki/inc/Extension/EventHandler.php(32): plugin_load()
  #5 /var/www/dokuwiki/inc/init.php(230): dokuwiki\Extension\EventHandler->__construct()
  #6 /var/www/dokuwiki/lib/exe/taskrunner.php(16): require_once('...')
  #7 {main}
2025-12-19 03:22:47	/var/www/dokuwiki/lib/plugins/gitbacked/action/editcommit.php(605)	ParseError: syntax error, unexpected token "private", expecting end of file
  #0 /var/www/dokuwiki/inc/load.php(104): class@anonymous->autoloadNamedPluginClass()
  #1 [internal function]: class@anonymous->autoload()
  #2 /var/www/dokuwiki/inc/Extension/PluginController.php(107): class_exists()
  #3 /var/www/dokuwiki/inc/pluginutils.php(55): dokuwiki\Extension\PluginController->load()
  #4 /var/www/dokuwiki/inc/Extension/EventHandler.php(32): plugin_load()
  #5 /var/www/dokuwiki/inc/init.php(230): dokuwiki\Extension\EventHandler->__construct()
  #6 /var/www/dokuwiki/doku.php(38): require_once('...')
  #7 {main}
2025-12-19 03:22:47	/var/www/dokuwiki/lib/plugins/gitbacked/action/editcommit.php(605)	ParseError: syntax error, unexpected token "private", expecting end of file
  #0 /var/www/dokuwiki/inc/load.php(104): class@anonymous->autoloadNamedPluginClass()
  #1 [internal function]: class@anonymous->autoload()
  #2 /var/www/dokuwiki/inc/Extension/PluginController.php(107): class_exists()
  #3 /var/www/dokuwiki/inc/pluginutils.php(55): dokuwiki\Extension\PluginController->load()
  #4 /var/www/dokuwiki/inc/Extension/EventHandler.php(32): plugin_load()
  #5 /var/www/dokuwiki/inc/init.php(230): dokuwiki\Extension\EventHandler->__construct()
  #6 /var/www/dokuwiki/doku.php(38): require_once('...')
  #7 {main}
2025-12-19 03:22:47	/var/www/dokuwiki/lib/plugins/gitbacked/action/editcommit.php(605)	ParseError: syntax error, unexpected token "private", expecting end of file
  #0 /var/www/dokuwiki/inc/load.php(104): class@anonymous->autoloadNamedPluginClass()
  #1 [internal function]: class@anonymous->autoload()
  #2 /var/www/dokuwiki/inc/Extension/PluginController.php(107): class_exists()
  #3 /var/www/dokuwiki/inc/pluginutils.php(55): dokuwiki\Extension\PluginController->load()
  #4 /var/www/dokuwiki/inc/Extension/EventHandler.php(32): plugin_load()
  #5 /var/www/dokuwiki/inc/init.php(230): dokuwiki\Extension\EventHandler->__construct()
  #6 /var/www/dokuwiki/lib/exe/taskrunner.php(16): require_once('...')
  #7 {main}
2025-12-19 03:22:47	/var/www/dokuwiki/lib/plugins/gitbacked/action/editcommit.php(605)	ParseError: syntax error, unexpected token "private", expecting end of file
  #0 /var/www/dokuwiki/inc/load.php(104): class@anonymous->autoloadNamedPluginClass()
  #1 [internal function]: class@anonymous->autoload()
  #2 /var/www/dokuwiki/inc/Extension/PluginController.php(107): class_exists()
  #3 /var/www/dokuwiki/inc/pluginutils.php(55): dokuwiki\Extension\PluginController->load()
  #4 /var/www/dokuwiki/inc/Extension/EventHandler.php(32): plugin_load()
  #5 /var/www/dokuwiki/inc/init.php(230): dokuwiki\Extension\EventHandler->__construct()
  #6 /var/www/dokuwiki/doku.php(38): require_once('...')
  #7 {main}
2025-12-19 03:22:48	/var/www/dokuwiki/lib/plugins/gitbacked/action/editcommit.php(605)	ParseError: syntax error, unexpected token "private", expecting end of file
  #0 /var/www/dokuwiki/inc/load.php(104): class@anonymous->autoloadNamedPluginClass()
  #1 [internal function]: class@anonymous->autoload()
  #2 /var/www/dokuwiki/inc/Extension/PluginController.php(107): class_exists()
  #3 /var/www/dokuwiki/inc/pluginutils.php(55): dokuwiki\Extension\PluginController->load()
  #4 /var/www/dokuwiki/inc/Extension/EventHandler.php(32): plugin_load()
  #5 /var/www/dokuwiki/inc/init.php(230): dokuwiki\Extension\EventHandler->__construct()
  #6 /var/www/dokuwiki/doku.php(38): require_once('...')
  #7 {main}
2025-12-19 03:22:48	/var/www/dokuwiki/lib/plugins/gitbacked/action/editcommit.php(605)	ParseError: syntax error, unexpected token "private", expecting end of file
  #0 /var/www/dokuwiki/inc/load.php(104): class@anonymous->autoloadNamedPluginClass()
  #1 [internal function]: class@anonymous->autoload()
  #2 /var/www/dokuwiki/inc/Extension/PluginController.php(107): class_exists()
  #3 /var/www/dokuwiki/inc/pluginutils.php(55): dokuwiki\Extension\PluginController->load()
  #4 /var/www/dokuwiki/inc/Extension/EventHandler.php(32): plugin_load()
  #5 /var/www/dokuwiki/inc/init.php(230): dokuwiki\Extension\EventHandler->__construct()
  #6 /var/www/dokuwiki/doku.php(38): require_once('...')
  #7 {main}
2025-12-19 03:22:48	/var/www/dokuwiki/lib/plugins/gitbacked/action/editcommit.php(605)	ParseError: syntax error, unexpected token "private", expecting end of file
  #0 /var/www/dokuwiki/inc/load.php(104): class@anonymous->autoloadNamedPluginClass()
  #1 [internal function]: class@anonymous->autoload()
  #2 /var/www/dokuwiki/inc/Extension/PluginController.php(107): class_exists()
  #3 /var/www/dokuwiki/inc/pluginutils.php(55): dokuwiki\Extension\PluginController->load()
  #4 /var/www/dokuwiki/inc/Extension/EventHandler.php(32): plugin_load()
  #5 /var/www/dokuwiki/inc/init.php(230): dokuwiki\Extension\EventHandler->__construct()
  #6 /var/www/dokuwiki/lib/exe/taskrunner.php(16): require_once('...')
  #7 {main}
2025-12-19 03:22:48	/var/www/dokuwiki/lib/plugins/gitbacked/action/editcommit.php(605)	ParseError: syntax error, unexpected token "private", expecting end of file
  #0 /var/www/dokuwiki/inc/load.php(104): class@anonymous->autoloadNamedPluginClass()
  #1 [internal function]: class@anonymous->autoload()
  #2 /var/www/dokuwiki/inc/Extension/PluginController.php(107): class_exists()
  #3 /var/www/dokuwiki/inc/pluginutils.php(55): dokuwiki\Extension\PluginController->load()
  #4 /var/www/dokuwiki/inc/Extension/EventHandler.php(32): plugin_load()
  #5 /var/www/dokuwiki/inc/init.php(230): dokuwiki\Extension\EventHandler->__construct()
  #6 /var/www/dokuwiki/doku.php(38): require_once('...')
  #7 {main}
2025-12-19 03:22:48	/var/www/dokuwiki/lib/plugins/gitbacked/action/editcommit.php(605)	ParseError: syntax error, unexpected token "private", expecting end of file
  #0 /var/www/dokuwiki/inc/load.php(104): class@anonymous->autoloadNamedPluginClass()
  #1 [internal function]: class@anonymous->autoload()
  #2 /var/www/dokuwiki/inc/Extension/PluginController.php(107): class_exists()
  #3 /var/www/dokuwiki/inc/pluginutils.php(55): dokuwiki\Extension\PluginController->load()
  #4 /var/www/dokuwiki/inc/Extension/EventHandler.php(32): plugin_load()
  #5 /var/www/dokuwiki/inc/init.php(230): dokuwiki\Extension\EventHandler->__construct()
  #6 /var/www/dokuwiki/lib/exe/taskrunner.php(16): require_once('...')
  #7 {main}
2025-12-19 03:22:49	/var/www/dokuwiki/lib/plugins/gitbacked/action/editcommit.php(605)	ParseError: syntax error, unexpected token "private", expecting end of file
  #0 /var/www/dokuwiki/inc/load.php(104): class@anonymous->autoloadNamedPluginClass()
  #1 [internal function]: class@anonymous->autoload()
  #2 /var/www/dokuwiki/inc/Extension/PluginController.php(107): class_exists()
  #3 /var/www/dokuwiki/inc/pluginutils.php(55): dokuwiki\Extension\PluginController->load()
  #4 /var/www/dokuwiki/inc/Extension/EventHandler.php(32): plugin_load()
  #5 /var/www/dokuwiki/inc/init.php(230): dokuwiki\Extension\EventHandler->__construct()
  #6 /var/www/dokuwiki/doku.php(38): require_once('...')
  #7 {main}
2025-12-19 03:22:49	/var/www/dokuwiki/lib/plugins/gitbacked/action/editcommit.php(605)	ParseError: syntax error, unexpected token "private", expecting end of file
  #0 /var/www/dokuwiki/inc/load.php(104): class@anonymous->autoloadNamedPluginClass()
  #1 [internal function]: class@anonymous->autoload()
  #2 /var/www/dokuwiki/inc/Extension/PluginController.php(107): class_exists()
  #3 /var/www/dokuwiki/inc/pluginutils.php(55): dokuwiki\Extension\PluginController->load()
  #4 /var/www/dokuwiki/inc/Extension/EventHandler.php(32): plugin_load()
  #5 /var/www/dokuwiki/inc/init.php(230): dokuwiki\Extension\EventHandler->__construct()
  #6 /var/www/dokuwiki/lib/exe/taskrunner.php(16): require_once('...')
  #7 {main}
2025-12-19 03:22:49	/var/www/dokuwiki/lib/plugins/gitbacked/action/editcommit.php(605)	ParseError: syntax error, unexpected token "private", expecting end of file
  #0 /var/www/dokuwiki/inc/load.php(104): class@anonymous->autoloadNamedPluginClass()
  #1 [internal function]: class@anonymous->autoload()
  #2 /var/www/dokuwiki/inc/Extension/PluginController.php(107): class_exists()
  #3 /var/www/dokuwiki/inc/pluginutils.php(55): dokuwiki\Extension\PluginController->load()
  #4 /var/www/dokuwiki/inc/Extension/EventHandler.php(32): plugin_load()
  #5 /var/www/dokuwiki/inc/init.php(230): dokuwiki\Extension\EventHandler->__construct()
  #6 /var/www/dokuwiki/lib/exe/taskrunner.php(16): require_once('...')
  #7 {main}
2025-12-19 03:22:49	/var/www/dokuwiki/lib/plugins/gitbacked/action/editcommit.php(605)	ParseError: syntax error, unexpected token "private", expecting end of file
  #0 /var/www/dokuwiki/inc/load.php(104): class@anonymous->autoloadNamedPluginClass()
  #1 [internal function]: class@anonymous->autoload()
  #2 /var/www/dokuwiki/inc/Extension/PluginController.php(107): class_exists()
  #3 /var/www/dokuwiki/inc/pluginutils.php(55): dokuwiki\Extension\PluginController->load()
  #4 /var/www/dokuwiki/inc/Extension/EventHandler.php(32): plugin_load()
  #5 /var/www/dokuwiki/inc/init.php(230): dokuwiki\Extension\EventHandler->__construct()
  #6 /var/www/dokuwiki/doku.php(38): require_once('...')
  #7 {main}
2025-12-19 03:22:49	/var/www/dokuwiki/lib/plugins/gitbacked/action/editcommit.php(605)	ParseError: syntax error, unexpected token "private", expecting end of file
  #0 /var/www/dokuwiki/inc/load.php(104): class@anonymous->autoloadNamedPluginClass()
  #1 [internal function]: class@anonymous->autoload()
  #2 /var/www/dokuwiki/inc/Extension/PluginController.php(107): class_exists()
  #3 /var/www/dokuwiki/inc/pluginutils.php(55): dokuwiki\Extension\PluginController->load()
  #4 /var/www/dokuwiki/inc/Extension/EventHandler.php(32): plugin_load()
  #5 /var/www/dokuwiki/inc/init.php(230): dokuwiki\Extension\EventHandler->__construct()
  #6 /var/www/dokuwiki/doku.php(38): require_once('...')
  #7 {main}
2025-12-19 03:22:49	/var/www/dokuwiki/lib/plugins/gitbacked/action/editcommit.php(605)	ParseError: syntax error, unexpected token "private", expecting end of file
  #0 /var/www/dokuwiki/inc/load.php(104): class@anonymous->autoloadNamedPluginClass()
  #1 [internal function]: class@anonymous->autoload()
  #2 /var/www/dokuwiki/inc/Extension/PluginController.php(107): class_exists()
  #3 /var/www/dokuwiki/inc/pluginutils.php(55): dokuwiki\Extension\PluginController->load()
  #4 /var/www/dokuwiki/inc/Extension/EventHandler.php(32): plugin_load()
  #5 /var/www/dokuwiki/inc/init.php(230): dokuwiki\Extension\EventHandler->__construct()
  #6 /var/www/dokuwiki/lib/exe/taskrunner.php(16): require_once('...')
  #7 {main}
2025-12-19 03:22:50	/var/www/dokuwiki/lib/plugins/gitbacked/action/editcommit.php(605)	ParseError: syntax error, unexpected token "private", expecting end of file
  #0 /var/www/dokuwiki/inc/load.php(104): class@anonymous->autoloadNamedPluginClass()
  #1 [internal function]: class@anonymous->autoload()
  #2 /var/www/dokuwiki/inc/Extension/PluginController.php(107): class_exists()
  #3 /var/www/dokuwiki/inc/pluginutils.php(55): dokuwiki\Extension\PluginController->load()
  #4 /var/www/dokuwiki/inc/Extension/EventHandler.php(32): plugin_load()
  #5 /var/www/dokuwiki/inc/init.php(230): dokuwiki\Extension\EventHandler->__construct()
  #6 /var/www/dokuwiki/lib/exe/taskrunner.php(16): require_once('...')
  #7 {main}
2025-12-19 03:22:51	/var/www/dokuwiki/lib/plugins/gitbacked/action/editcommit.php(605)	ParseError: syntax error, unexpected token "private", expecting end of file
  #0 /var/www/dokuwiki/inc/load.php(104): class@anonymous->autoloadNamedPluginClass()
  #1 [internal function]: class@anonymous->autoload()
  #2 /var/www/dokuwiki/inc/Extension/PluginController.php(107): class_exists()
  #3 /var/www/dokuwiki/inc/pluginutils.php(55): dokuwiki\Extension\PluginController->load()
  #4 /var/www/dokuwiki/inc/Extension/EventHandler.php(32): plugin_load()
  #5 /var/www/dokuwiki/inc/init.php(230): dokuwiki\Extension\EventHandler->__construct()
  #6 /var/www/dokuwiki/doku.php(38): require_once('...')
  #7 {main}
2025-12-19 03:22:51	/var/www/dokuwiki/lib/plugins/gitbacked/action/editcommit.php(605)	ParseError: syntax error, unexpected token "private", expecting end of file
  #0 /var/www/dokuwiki/inc/load.php(104): class@anonymous->autoloadNamedPluginClass()
  #1 [internal function]: class@anonymous->autoload()
  #2 /var/www/dokuwiki/inc/Extension/PluginController.php(107): class_exists()
  #3 /var/www/dokuwiki/inc/pluginutils.php(55): dokuwiki\Extension\PluginController->load()
  #4 /var/www/dokuwiki/inc/Extension/EventHandler.php(32): plugin_load()
  #5 /var/www/dokuwiki/inc/init.php(230): dokuwiki\Extension\EventHandler->__construct()
  #6 /var/www/dokuwiki/doku.php(38): require_once('...')
  #7 {main}
2025-12-19 03:22:51	/var/www/dokuwiki/lib/plugins/gitbacked/action/editcommit.php(605)	ParseError: syntax error, unexpected token "private", expecting end of file
  #0 /var/www/dokuwiki/inc/load.php(104): class@anonymous->autoloadNamedPluginClass()
  #1 [internal function]: class@anonymous->autoload()
  #2 /var/www/dokuwiki/inc/Extension/PluginController.php(107): class_exists()
  #3 /var/www/dokuwiki/inc/pluginutils.php(55): dokuwiki\Extension\PluginController->load()
  #4 /var/www/dokuwiki/inc/Extension/EventHandler.php(32): plugin_load()
  #5 /var/www/dokuwiki/inc/init.php(230): dokuwiki\Extension\EventHandler->__construct()
  #6 /var/www/dokuwiki/doku.php(38): require_once('...')
  #7 {main}
2025-12-19 03:22:51	/var/www/dokuwiki/lib/plugins/gitbacked/action/editcommit.php(605)	ParseError: syntax error, unexpected token "private", expecting end of file
  #0 /var/www/dokuwiki/inc/load.php(104): class@anonymous->autoloadNamedPluginClass()
  #1 [internal function]: class@anonymous->autoload()
  #2 /var/www/dokuwiki/inc/Extension/PluginController.php(107): class_exists()
  #3 /var/www/dokuwiki/inc/pluginutils.php(55): dokuwiki\Extension\PluginController->load()
  #4 /var/www/dokuwiki/inc/Extension/EventHandler.php(32): plugin_load()
  #5 /var/www/dokuwiki/inc/init.php(230): dokuwiki\Extension\EventHandler->__construct()
  #6 /var/www/dokuwiki/lib/exe/taskrunner.php(16): require_once('...')
  #7 {main}
2025-12-19 03:22:51	/var/www/dokuwiki/lib/plugins/gitbacked/action/editcommit.php(605)	ParseError: syntax error, unexpected token "private", expecting end of file
  #0 /var/www/dokuwiki/inc/load.php(104): class@anonymous->autoloadNamedPluginClass()
  #1 [internal function]: class@anonymous->autoload()
  #2 /var/www/dokuwiki/inc/Extension/PluginController.php(107): class_exists()
  #3 /var/www/dokuwiki/inc/pluginutils.php(55): dokuwiki\Extension\PluginController->load()
  #4 /var/www/dokuwiki/inc/Extension/EventHandler.php(32): plugin_load()
  #5 /var/www/dokuwiki/inc/init.php(230): dokuwiki\Extension\EventHandler->__construct()
  #6 /var/www/dokuwiki/doku.php(38): require_once('...')
  #7 {main}
2025-12-19 03:22:52	/var/www/dokuwiki/lib/plugins/gitbacked/action/editcommit.php(605)	ParseError: syntax error, unexpected token "private", expecting end of file
  #0 /var/www/dokuwiki/inc/load.php(104): class@anonymous->autoloadNamedPluginClass()
  #1 [internal function]: class@anonymous->autoload()
  #2 /var/www/dokuwiki/inc/Extension/PluginController.php(107): class_exists()
  #3 /var/www/dokuwiki/inc/pluginutils.php(55): dokuwiki\Extension\PluginController->load()
  #4 /var/www/dokuwiki/inc/Extension/EventHandler.php(32): plugin_load()
  #5 /var/www/dokuwiki/inc/init.php(230): dokuwiki\Extension\EventHandler->__construct()
  #6 /var/www/dokuwiki/lib/exe/taskrunner.php(16): require_once('...')
  #7 {main}
2025-12-19 03:22:52	/var/www/dokuwiki/lib/plugins/gitbacked/action/editcommit.php(605)	ParseError: syntax error, unexpected token "private", expecting end of file
  #0 /var/www/dokuwiki/inc/load.php(104): class@anonymous->autoloadNamedPluginClass()
  #1 [internal function]: class@anonymous->autoload()
  #2 /var/www/dokuwiki/inc/Extension/PluginController.php(107): class_exists()
  #3 /var/www/dokuwiki/inc/pluginutils.php(55): dokuwiki\Extension\PluginController->load()
  #4 /var/www/dokuwiki/inc/Extension/EventHandler.php(32): plugin_load()
  #5 /var/www/dokuwiki/inc/init.php(230): dokuwiki\Extension\EventHandler->__construct()
  #6 /var/www/dokuwiki/lib/exe/taskrunner.php(16): require_once('...')
  #7 {main}
2025-12-19 03:22:52	/var/www/dokuwiki/lib/plugins/gitbacked/action/editcommit.php(605)	ParseError: syntax error, unexpected token "private", expecting end of file
  #0 /var/www/dokuwiki/inc/load.php(104): class@anonymous->autoloadNamedPluginClass()
  #1 [internal function]: class@anonymous->autoload()
  #2 /var/www/dokuwiki/inc/Extension/PluginController.php(107): class_exists()
  #3 /var/www/dokuwiki/inc/pluginutils.php(55): dokuwiki\Extension\PluginController->load()
  #4 /var/www/dokuwiki/inc/Extension/EventHandler.php(32): plugin_load()
  #5 /var/www/dokuwiki/inc/init.php(230): dokuwiki\Extension\EventHandler->__construct()
  #6 /var/www/dokuwiki/doku.php(38): require_once('...')
  #7 {main}
2025-12-19 03:22:52	/var/www/dokuwiki/lib/plugins/gitbacked/action/editcommit.php(605)	ParseError: syntax error, unexpected token "private", expecting end of file
  #0 /var/www/dokuwiki/inc/load.php(104): class@anonymous->autoloadNamedPluginClass()
  #1 [internal function]: class@anonymous->autoload()
  #2 /var/www/dokuwiki/inc/Extension/PluginController.php(107): class_exists()
  #3 /var/www/dokuwiki/inc/pluginutils.php(55): dokuwiki\Extension\PluginController->load()
  #4 /var/www/dokuwiki/inc/Extension/EventHandler.php(32): plugin_load()
  #5 /var/www/dokuwiki/inc/init.php(230): dokuwiki\Extension\EventHandler->__construct()
  #6 /var/www/dokuwiki/doku.php(38): require_once('...')
  #7 {main}
2025-12-19 04:13:36	/var/www/dokuwiki/lib/plugins/iframe/syntax.php(26)	E_WARNING: Undefined array key 1
  #0 /var/www/dokuwiki/lib/plugins/iframe/syntax.php(26): dokuwiki\ErrorHandler::errorHandler()
  #1 /var/www/dokuwiki/inc/parser/handler.php(298): syntax_plugin_iframe->handle()
  #2 /var/www/dokuwiki/inc/Parsing/Lexer/Lexer.php(269): Doku_Handler->plugin()
  #3 /var/www/dokuwiki/inc/Parsing/Lexer/Lexer.php(196): dokuwiki\Parsing\Lexer\Lexer->invokeHandler()
  #4 /var/www/dokuwiki/inc/Parsing/Lexer/Lexer.php(146): dokuwiki\Parsing\Lexer\Lexer->dispatchTokens()
  #5 /var/www/dokuwiki/inc/Parsing/Parser.php(113): dokuwiki\Parsing\Lexer\Lexer->parse()
  #6 /var/www/dokuwiki/inc/parserutils.php(234): dokuwiki\Parsing\Parser->parse()
  #7 /var/www/dokuwiki/inc/parserutils.php(198): p_get_instructions()
  #8 /var/www/dokuwiki/inc/parserutils.php(520): p_cached_instructions()
  #9 /var/www/dokuwiki/inc/parserutils.php(299): p_render_metadata()
  #10 /var/www/dokuwiki/inc/common.php(265): p_get_metadata()
  #11 /var/www/dokuwiki/doku.php(101): pageinfo()
  #12 {main}
2025-12-19 04:58:24	/var/www/dokuwiki/lib/plugins/iframe/syntax.php(26)	E_WARNING: Undefined array key 1
  #0 /var/www/dokuwiki/lib/plugins/iframe/syntax.php(26): dokuwiki\ErrorHandler::errorHandler()
  #1 /var/www/dokuwiki/inc/parser/handler.php(298): syntax_plugin_iframe->handle()
  #2 /var/www/dokuwiki/inc/Parsing/Lexer/Lexer.php(269): Doku_Handler->plugin()
  #3 /var/www/dokuwiki/inc/Parsing/Lexer/Lexer.php(196): dokuwiki\Parsing\Lexer\Lexer->invokeHandler()
  #4 /var/www/dokuwiki/inc/Parsing/Lexer/Lexer.php(146): dokuwiki\Parsing\Lexer\Lexer->dispatchTokens()
  #5 /var/www/dokuwiki/inc/Parsing/Parser.php(113): dokuwiki\Parsing\Lexer\Lexer->parse()
  #6 /var/www/dokuwiki/inc/parserutils.php(234): dokuwiki\Parsing\Parser->parse()
  #7 /var/www/dokuwiki/inc/parserutils.php(198): p_get_instructions()
  #8 /var/www/dokuwiki/inc/parserutils.php(520): p_cached_instructions()
  #9 /var/www/dokuwiki/inc/parserutils.php(299): p_render_metadata()
  #10 /var/www/dokuwiki/inc/common.php(265): p_get_metadata()
  #11 /var/www/dokuwiki/doku.php(101): pageinfo()
  #12 {main}
2025-12-19 04:59:20	/var/www/dokuwiki/lib/plugins/gitbacked/action/editcommit.php(326)	Exception: Git command failed to perform periodic pull: From github.com:NYRDS/wiki-data
 * branch            master     -> FETCH_HEAD
error: cannot lock ref 'refs/remotes/origin/master': is at 23594485e796fa9a63368d823ef0ea8ee8231e5d but expected 9bf5d2c630b5f3c081d4efb0c393f67347a49740
 ! 9bf5d2c..2359448  master     -> origin/master  (unable to update local ref)

  #0 /var/www/dokuwiki/inc/Extension/EventHandler.php(80): action_plugin_gitbacked_editcommit->handlePeriodicPull()
  #1 /var/www/dokuwiki/inc/Extension/Event.php(97): dokuwiki\Extension\EventHandler->process_event()
  #2 /var/www/dokuwiki/inc/Extension/Event.php(137): dokuwiki\Extension\Event->advise_after()
  #3 /var/www/dokuwiki/inc/Extension/Event.php(200): dokuwiki\Extension\Event->trigger()
  #4 /var/www/dokuwiki/doku.php(134): dokuwiki\Extension\Event::createAndTrigger()
  #5 {main}
2025-12-19 04:59:20	/var/www/dokuwiki/lib/plugins/gitbacked/action/editcommit.php(326)	Exception: Git command failed to perform periodic pull: From github.com:NYRDS/wiki-data
 * branch            master     -> FETCH_HEAD
   9bf5d2c..2359448  master     -> origin/master
hint: You have divergent branches and need to specify how to reconcile them.
hint: You can do so by running one of the following commands sometime before
hint: your next pull:
hint: 
hint:   git config pull.rebase false  # merge (the default strategy)
hint:   git config pull.rebase true   # rebase
hint:   git config pull.ff only       # fast-forward only
hint: 
hint: You can replace "git config" with "git config --global" to set a default
hint: preference for all repositories. You can also pass --rebase, --no-rebase,
hint: or --ff-only on the command line to override the configured default per
hint: invocation.
fatal: Need to specify how to reconcile divergent branches.

  #0 /var/www/dokuwiki/inc/Extension/EventHandler.php(80): action_plugin_gitbacked_editcommit->handlePeriodicPull()
  #1 /var/www/dokuwiki/inc/Extension/Event.php(97): dokuwiki\Extension\EventHandler->process_event()
  #2 /var/www/dokuwiki/inc/Extension/Event.php(137): dokuwiki\Extension\Event->advise_after()
  #3 /var/www/dokuwiki/inc/Extension/Event.php(200): dokuwiki\Extension\Event->trigger()
  #4 /var/www/dokuwiki/doku.php(134): dokuwiki\Extension\Event::createAndTrigger()
  #5 {main}
2025-12-19 06:00:54	/var/www/dokuwiki/lib/plugins/iframe/syntax.php(26)	E_WARNING: Undefined array key 1
  #0 /var/www/dokuwiki/lib/plugins/iframe/syntax.php(26): dokuwiki\ErrorHandler::errorHandler()
  #1 /var/www/dokuwiki/inc/parser/handler.php(298): syntax_plugin_iframe->handle()
  #2 /var/www/dokuwiki/inc/Parsing/Lexer/Lexer.php(269): Doku_Handler->plugin()
  #3 /var/www/dokuwiki/inc/Parsing/Lexer/Lexer.php(196): dokuwiki\Parsing\Lexer\Lexer->invokeHandler()
  #4 /var/www/dokuwiki/inc/Parsing/Lexer/Lexer.php(146): dokuwiki\Parsing\Lexer\Lexer->dispatchTokens()
  #5 /var/www/dokuwiki/inc/Parsing/Parser.php(113): dokuwiki\Parsing\Lexer\Lexer->parse()
  #6 /var/www/dokuwiki/inc/parserutils.php(234): dokuwiki\Parsing\Parser->parse()
  #7 /var/www/dokuwiki/inc/parserutils.php(198): p_get_instructions()
  #8 /var/www/dokuwiki/inc/parserutils.php(520): p_cached_instructions()
  #9 /var/www/dokuwiki/inc/parserutils.php(299): p_render_metadata()
  #10 /var/www/dokuwiki/inc/common.php(265): p_get_metadata()
  #11 /var/www/dokuwiki/doku.php(101): pageinfo()
  #12 {main}
2025-12-19 06:10:08	/var/www/dokuwiki/lib/plugins/gitbacked/action/editcommit.php(326)	Exception: Git command failed to perform periodic pull: From github.com:NYRDS/wiki-data
 * branch            master     -> FETCH_HEAD
warning: fetch updated the current branch head.
fast-forwarding your working tree from
commit 23594485e796fa9a63368d823ef0ea8ee8231e5d.
error: Your local changes to the following files would be overwritten by merge:
	pages/rpd/lich_subclass.txt
	pages/rpd/potion.txt
	pages/rpd/ring_of_frost.txt
Please commit your changes or stash them before you merge.
error: The following untracked working tree files would be overwritten by merge:
	pages/mr/keyring_item.txt
	pages/mr/lich_subclass.txt
	pages/mr/ring_of_frost_item.txt
	pages/mr/yogs_eye_mob.txt
	pages/rpd/keyring.txt
	pages/rpd/yogs_eye.txt
Please move or remove them before you merge.
Aborting
fatal: Cannot fast-forward your working tree.
After making sure that you saved anything precious from
$ git diff 23594485e796fa9a63368d823ef0ea8ee8231e5d
output, run
$ git reset --hard
to recover.

  #0 /var/www/dokuwiki/inc/Extension/EventHandler.php(80): action_plugin_gitbacked_editcommit->handlePeriodicPull()
  #1 /var/www/dokuwiki/inc/Extension/Event.php(97): dokuwiki\Extension\EventHandler->process_event()
  #2 /var/www/dokuwiki/inc/Extension/Event.php(137): dokuwiki\Extension\Event->advise_after()
  #3 /var/www/dokuwiki/inc/Extension/Event.php(200): dokuwiki\Extension\Event->trigger()
  #4 /var/www/dokuwiki/doku.php(134): dokuwiki\Extension\Event::createAndTrigger()
  #5 {main}
2025-12-19 06:40:22	/var/www/dokuwiki/lib/plugins/gitbacked/action/editcommit.php(326)	Exception: Git command failed to perform periodic pull: From github.com:NYRDS/wiki-data
 * branch            master     -> FETCH_HEAD
There are no candidates for merging among the refs that you just fetched.
Generally this means that you provided a wildcard refspec which had no
matches on the remote end.

  #0 /var/www/dokuwiki/inc/Extension/EventHandler.php(80): action_plugin_gitbacked_editcommit->handlePeriodicPull()
  #1 /var/www/dokuwiki/inc/Extension/Event.php(97): dokuwiki\Extension\EventHandler->process_event()
  #2 /var/www/dokuwiki/inc/Extension/Event.php(137): dokuwiki\Extension\Event->advise_after()
  #3 /var/www/dokuwiki/inc/Extension/Event.php(200): dokuwiki\Extension\Event->trigger()
  #4 /var/www/dokuwiki/doku.php(134): dokuwiki\Extension\Event::createAndTrigger()
  #5 {main}
2025-12-19 10:27:48	/var/www/dokuwiki/lib/plugins/gitbacked/action/editcommit.php(326)	Exception: Git command failed to perform periodic pull: From github.com:NYRDS/wiki-data
 * branch            master     -> FETCH_HEAD
There are no candidates for merging among the refs that you just fetched.
Generally this means that you provided a wildcard refspec which had no
matches on the remote end.

  #0 /var/www/dokuwiki/inc/Extension/EventHandler.php(80): action_plugin_gitbacked_editcommit->handlePeriodicPull()
  #1 /var/www/dokuwiki/inc/Extension/Event.php(97): dokuwiki\Extension\EventHandler->process_event()
  #2 /var/www/dokuwiki/inc/Extension/Event.php(137): dokuwiki\Extension\Event->advise_after()
  #3 /var/www/dokuwiki/inc/Extension/Event.php(200): dokuwiki\Extension\Event->trigger()
  #4 /var/www/dokuwiki/doku.php(134): dokuwiki\Extension\Event::createAndTrigger()
  #5 {main}
2025-12-19 11:03:19	/var/www/dokuwiki/lib/plugins/gitbacked/action/editcommit.php(326)	Exception: Git command failed to perform periodic pull: From github.com:NYRDS/wiki-data
 * branch            master     -> FETCH_HEAD
warning: fetch updated the current branch head.
fast-forwarding your working tree from
commit fdfb36ce2850c21372d37030fc237a937af61a96.
error: Your local changes to the following files would be overwritten by merge:
	pages/mr/heal_spell.txt
	pages/mr/potion_of_healing_item.txt
	pages/rpd/backstab_spell.txt
	pages/rpd/berserker_armor.txt
	pages/rpd/death_knight.txt
	pages/rpd/dungeon.txt
	pages/rpd/freeze_globe_spell.txt
	pages/rpd/heal_spell.txt
	pages/rpd/hero_classes.txt
	pages/rpd/necrotism.txt
	pages/rpd/rotten_ration.txt
	pages/rpd/scroll_of_identify.txt
	pages/rpd/yogs_eye.txt
Please commit your changes or stash them before you merge.
error: The following untracked working tree files would be overwritten by merge:
	pages/mr/berserk_armor_item.txt
	pages/mr/bleeding_buff.txt
	pages/mr/blessed_buff.txt
	pages/mr/death_knight_mob.txt
	pages/mr/freeze_globe_spell.txt
	pages/mr/ignite_spell.txt
	pages/mr/monk_mob.txt
	pages/mr/rat_mob.txt
	pages/mr/ring_of_accuracy_item.txt
	pages/mr/wind_gust_spell.txt
	pages/rpd/hunger.txt
	pages/rpd/rat_skull.txt
Please move or remove them before you merge.
Aborting
fatal: Cannot fast-forward your working tree.
After making sure that you saved anything precious from
$ git diff fdfb36ce2850c21372d37030fc237a937af61a96
output, run
$ git reset --hard
to recover.

  #0 /var/www/dokuwiki/inc/Extension/EventHandler.php(80): action_plugin_gitbacked_editcommit->handlePeriodicPull()
  #1 /var/www/dokuwiki/inc/Extension/Event.php(97): dokuwiki\Extension\EventHandler->process_event()
  #2 /var/www/dokuwiki/inc/Extension/Event.php(137): dokuwiki\Extension\Event->advise_after()
  #3 /var/www/dokuwiki/inc/Extension/Event.php(200): dokuwiki\Extension\Event->trigger()
  #4 /var/www/dokuwiki/doku.php(134): dokuwiki\Extension\Event::createAndTrigger()
  #5 {main}
2025-12-19 12:30:04	/var/www/dokuwiki/lib/plugins/gitbacked/action/editcommit.php(563)	E_WARNING: Undefined variable $lastRev
  #0 /var/www/dokuwiki/lib/plugins/gitbacked/action/editcommit.php(563): dokuwiki\ErrorHandler::errorHandler()
  #1 /var/www/dokuwiki/lib/plugins/gitbacked/action/editcommit.php(301): action_plugin_gitbacked_editcommit->updatePageWithGitHistory()
  #2 /var/www/dokuwiki/inc/Extension/EventHandler.php(80): action_plugin_gitbacked_editcommit->handlePeriodicPull()
  #3 /var/www/dokuwiki/inc/Extension/Event.php(97): dokuwiki\Extension\EventHandler->process_event()
  #4 /var/www/dokuwiki/inc/Extension/Event.php(137): dokuwiki\Extension\Event->advise_after()
  #5 /var/www/dokuwiki/inc/Extension/Event.php(200): dokuwiki\Extension\Event->trigger()
  #6 /var/www/dokuwiki/doku.php(134): dokuwiki\Extension\Event::createAndTrigger()
  #7 {main}
2025-12-19 12:30:04	/var/www/dokuwiki/lib/plugins/gitbacked/action/editcommit.php(570)	E_WARNING: Undefined variable $lastRev
  #0 /var/www/dokuwiki/lib/plugins/gitbacked/action/editcommit.php(570): dokuwiki\ErrorHandler::errorHandler()
  #1 /var/www/dokuwiki/lib/plugins/gitbacked/action/editcommit.php(301): action_plugin_gitbacked_editcommit->updatePageWithGitHistory()
  #2 /var/www/dokuwiki/inc/Extension/EventHandler.php(80): action_plugin_gitbacked_editcommit->handlePeriodicPull()
  #3 /var/www/dokuwiki/inc/Extension/Event.php(97): dokuwiki\Extension\EventHandler->process_event()
  #4 /var/www/dokuwiki/inc/Extension/Event.php(137): dokuwiki\Extension\Event->advise_after()
  #5 /var/www/dokuwiki/inc/Extension/Event.php(200): dokuwiki\Extension\Event->trigger()
  #6 /var/www/dokuwiki/doku.php(134): dokuwiki\Extension\Event::createAndTrigger()
  #7 {main}
2025-12-19 15:18:05	/var/www/dokuwiki/lib/plugins/gitbacked/action/editcommit.php(326)	Exception: Git command failed to perform periodic pull: From github.com:NYRDS/wiki-data
 * branch            master     -> FETCH_HEAD
There are no candidates for merging among the refs that you just fetched.
Generally this means that you provided a wildcard refspec which had no
matches on the remote end.

  #0 /var/www/dokuwiki/inc/Extension/EventHandler.php(80): action_plugin_gitbacked_editcommit->handlePeriodicPull()
  #1 /var/www/dokuwiki/inc/Extension/Event.php(97): dokuwiki\Extension\EventHandler->process_event()
  #2 /var/www/dokuwiki/inc/Extension/Event.php(137): dokuwiki\Extension\Event->advise_after()
  #3 /var/www/dokuwiki/inc/Extension/Event.php(200): dokuwiki\Extension\Event->trigger()
  #4 /var/www/dokuwiki/doku.php(134): dokuwiki\Extension\Event::createAndTrigger()
  #5 {main}
2025-12-19 15:53:38	/var/www/dokuwiki/lib/plugins/gitbacked/action/editcommit.php(326)	Exception: Git command failed to perform periodic pull: From github.com:NYRDS/wiki-data
 * branch            master     -> FETCH_HEAD
There are no candidates for merging among the refs that you just fetched.
Generally this means that you provided a wildcard refspec which had no
matches on the remote end.

  #0 /var/www/dokuwiki/inc/Extension/EventHandler.php(80): action_plugin_gitbacked_editcommit->handlePeriodicPull()
  #1 /var/www/dokuwiki/inc/Extension/Event.php(97): dokuwiki\Extension\EventHandler->process_event()
  #2 /var/www/dokuwiki/inc/Extension/Event.php(137): dokuwiki\Extension\Event->advise_after()
  #3 /var/www/dokuwiki/inc/Extension/Event.php(200): dokuwiki\Extension\Event->trigger()
  #4 /var/www/dokuwiki/doku.php(134): dokuwiki\Extension\Event::createAndTrigger()
  #5 {main}
2025-12-19 16:22:44	/var/www/dokuwiki/lib/plugins/iframe/syntax.php(26)	E_WARNING: Undefined array key 1
  #0 /var/www/dokuwiki/lib/plugins/iframe/syntax.php(26): dokuwiki\ErrorHandler::errorHandler()
  #1 /var/www/dokuwiki/inc/parser/handler.php(298): syntax_plugin_iframe->handle()
  #2 /var/www/dokuwiki/inc/Parsing/Lexer/Lexer.php(269): Doku_Handler->plugin()
  #3 /var/www/dokuwiki/inc/Parsing/Lexer/Lexer.php(196): dokuwiki\Parsing\Lexer\Lexer->invokeHandler()
  #4 /var/www/dokuwiki/inc/Parsing/Lexer/Lexer.php(146): dokuwiki\Parsing\Lexer\Lexer->dispatchTokens()
  #5 /var/www/dokuwiki/inc/Parsing/Parser.php(113): dokuwiki\Parsing\Lexer\Lexer->parse()
  #6 /var/www/dokuwiki/inc/parserutils.php(234): dokuwiki\Parsing\Parser->parse()
  #7 /var/www/dokuwiki/inc/parserutils.php(198): p_get_instructions()
  #8 /var/www/dokuwiki/inc/parserutils.php(520): p_cached_instructions()
  #9 /var/www/dokuwiki/inc/parserutils.php(299): p_render_metadata()
  #10 /var/www/dokuwiki/inc/common.php(265): p_get_metadata()
  #11 /var/www/dokuwiki/doku.php(101): pageinfo()
  #12 {main}
2025-12-19 18:07:53	/var/www/dokuwiki/lib/plugins/iframe/syntax.php(26)	E_WARNING: Undefined array key 1
  #0 /var/www/dokuwiki/lib/plugins/iframe/syntax.php(26): dokuwiki\ErrorHandler::errorHandler()
  #1 /var/www/dokuwiki/inc/parser/handler.php(298): syntax_plugin_iframe->handle()
  #2 /var/www/dokuwiki/inc/Parsing/Lexer/Lexer.php(269): Doku_Handler->plugin()
  #3 /var/www/dokuwiki/inc/Parsing/Lexer/Lexer.php(196): dokuwiki\Parsing\Lexer\Lexer->invokeHandler()
  #4 /var/www/dokuwiki/inc/Parsing/Lexer/Lexer.php(146): dokuwiki\Parsing\Lexer\Lexer->dispatchTokens()
  #5 /var/www/dokuwiki/inc/Parsing/Parser.php(113): dokuwiki\Parsing\Lexer\Lexer->parse()
  #6 /var/www/dokuwiki/inc/parserutils.php(234): dokuwiki\Parsing\Parser->parse()
  #7 /var/www/dokuwiki/inc/parserutils.php(198): p_get_instructions()
  #8 /var/www/dokuwiki/inc/parserutils.php(520): p_cached_instructions()
  #9 /var/www/dokuwiki/inc/parserutils.php(299): p_render_metadata()
  #10 /var/www/dokuwiki/inc/common.php(265): p_get_metadata()
  #11 /var/www/dokuwiki/doku.php(101): pageinfo()
  #12 {main}
2025-12-19 18:37:33	Command line code(7)	E_ERROR: Uncaught Error: Undefined constant "action" in Command line code:7
Stack trace:
#0 {main}
  thrown
  #0 [internal function]: dokuwiki\ErrorHandler::fatalShutdown()
  #1 {main}
2025-12-19 19:23:29	/var/www/dokuwiki/lib/plugins/iframe/syntax.php(26)	E_WARNING: Undefined array key 1
  #0 /var/www/dokuwiki/lib/plugins/iframe/syntax.php(26): dokuwiki\ErrorHandler::errorHandler()
  #1 /var/www/dokuwiki/inc/parser/handler.php(298): syntax_plugin_iframe->handle()
  #2 /var/www/dokuwiki/inc/Parsing/Lexer/Lexer.php(269): Doku_Handler->plugin()
  #3 /var/www/dokuwiki/inc/Parsing/Lexer/Lexer.php(196): dokuwiki\Parsing\Lexer\Lexer->invokeHandler()
  #4 /var/www/dokuwiki/inc/Parsing/Lexer/Lexer.php(146): dokuwiki\Parsing\Lexer\Lexer->dispatchTokens()
  #5 /var/www/dokuwiki/inc/Parsing/Parser.php(113): dokuwiki\Parsing\Lexer\Lexer->parse()
  #6 /var/www/dokuwiki/inc/parserutils.php(234): dokuwiki\Parsing\Parser->parse()
  #7 /var/www/dokuwiki/inc/parserutils.php(198): p_get_instructions()
  #8 /var/www/dokuwiki/inc/parserutils.php(520): p_cached_instructions()
  #9 /var/www/dokuwiki/inc/parserutils.php(299): p_render_metadata()
  #10 /var/www/dokuwiki/inc/Feed/FeedPageProcessor.php(176): p_get_metadata()
  #11 /var/www/dokuwiki/inc/Feed/FeedPageProcessor.php(98): dokuwiki\Feed\FeedPageProcessor->getMetaData()
  #12 /var/www/dokuwiki/inc/Feed/FeedPageProcessor.php(75): dokuwiki\Feed\FeedPageProcessor->getAbstract()
  #13 /var/www/dokuwiki/inc/Feed/FeedCreator.php(97): dokuwiki\Feed\FeedPageProcessor->getBody()
  #14 /var/www/dokuwiki/inc/Feed/FeedCreator.php(61): dokuwiki\Feed\FeedCreator->createAndAddItem()
  #15 /var/www/dokuwiki/feed.php(68): dokuwiki\Feed\FeedCreator->build()
  #16 {main}
2025-12-19 20:50:28	/var/www/dokuwiki/lib/plugins/iframe/syntax.php(26)	E_WARNING: Undefined array key 1
  #0 /var/www/dokuwiki/lib/plugins/iframe/syntax.php(26): dokuwiki\ErrorHandler::errorHandler()
  #1 /var/www/dokuwiki/inc/parser/handler.php(298): syntax_plugin_iframe->handle()
  #2 /var/www/dokuwiki/inc/Parsing/Lexer/Lexer.php(269): Doku_Handler->plugin()
  #3 /var/www/dokuwiki/inc/Parsing/Lexer/Lexer.php(196): dokuwiki\Parsing\Lexer\Lexer->invokeHandler()
  #4 /var/www/dokuwiki/inc/Parsing/Lexer/Lexer.php(146): dokuwiki\Parsing\Lexer\Lexer->dispatchTokens()
  #5 /var/www/dokuwiki/inc/Parsing/Parser.php(113): dokuwiki\Parsing\Lexer\Lexer->parse()
  #6 /var/www/dokuwiki/inc/parserutils.php(234): dokuwiki\Parsing\Parser->parse()
  #7 /var/www/dokuwiki/inc/parserutils.php(198): p_get_instructions()
  #8 /var/www/dokuwiki/inc/parserutils.php(520): p_cached_instructions()
  #9 /var/www/dokuwiki/inc/parserutils.php(299): p_render_metadata()
  #10 /var/www/dokuwiki/inc/common.php(265): p_get_metadata()
  #11 /var/www/dokuwiki/doku.php(101): pageinfo()
  #12 {main}
2025-12-19 21:42:47	/var/www/dokuwiki/lib/plugins/gitbacked/action/editcommit.php(326)	Exception: Git command failed to perform periodic pull: From github.com:NYRDS/wiki-data
 * branch            master     -> FETCH_HEAD
error: cannot lock ref 'refs/remotes/origin/master': is at ed06a54a6f300b5dd000e379309d4d2891f18c0b but expected 43d5e66673a63ef60f741fd27242a5dad4c47ec6
 ! 43d5e66..ed06a54  master     -> origin/master  (unable to update local ref)

  #0 /var/www/dokuwiki/inc/Extension/EventHandler.php(80): action_plugin_gitbacked_editcommit->handlePeriodicPull()
  #1 /var/www/dokuwiki/inc/Extension/Event.php(97): dokuwiki\Extension\EventHandler->process_event()
  #2 /var/www/dokuwiki/inc/Extension/Event.php(137): dokuwiki\Extension\Event->advise_after()
  #3 /var/www/dokuwiki/inc/Extension/Event.php(200): dokuwiki\Extension\Event->trigger()
  #4 /var/www/dokuwiki/doku.php(134): dokuwiki\Extension\Event::createAndTrigger()
  #5 {main}
2025-12-19 23:39:38	/var/www/dokuwiki/lib/plugins/iframe/syntax.php(26)	E_WARNING: Undefined array key 1
  #0 /var/www/dokuwiki/lib/plugins/iframe/syntax.php(26): dokuwiki\ErrorHandler::errorHandler()
  #1 /var/www/dokuwiki/inc/parser/handler.php(298): syntax_plugin_iframe->handle()
  #2 /var/www/dokuwiki/inc/Parsing/Lexer/Lexer.php(269): Doku_Handler->plugin()
  #3 /var/www/dokuwiki/inc/Parsing/Lexer/Lexer.php(196): dokuwiki\Parsing\Lexer\Lexer->invokeHandler()
  #4 /var/www/dokuwiki/inc/Parsing/Lexer/Lexer.php(146): dokuwiki\Parsing\Lexer\Lexer->dispatchTokens()
  #5 /var/www/dokuwiki/inc/Parsing/Parser.php(113): dokuwiki\Parsing\Lexer\Lexer->parse()
  #6 /var/www/dokuwiki/inc/parserutils.php(234): dokuwiki\Parsing\Parser->parse()
  #7 /var/www/dokuwiki/inc/parserutils.php(198): p_get_instructions()
  #8 /var/www/dokuwiki/inc/parserutils.php(520): p_cached_instructions()
  #9 /var/www/dokuwiki/inc/parserutils.php(299): p_render_metadata()
  #10 /var/www/dokuwiki/inc/Feed/FeedPageProcessor.php(176): p_get_metadata()
  #11 /var/www/dokuwiki/inc/Feed/FeedPageProcessor.php(98): dokuwiki\Feed\FeedPageProcessor->getMetaData()
  #12 /var/www/dokuwiki/inc/Feed/FeedPageProcessor.php(75): dokuwiki\Feed\FeedPageProcessor->getAbstract()
  #13 /var/www/dokuwiki/inc/Feed/FeedCreator.php(97): dokuwiki\Feed\FeedPageProcessor->getBody()
  #14 /var/www/dokuwiki/inc/Feed/FeedCreator.php(61): dokuwiki\Feed\FeedCreator->createAndAddItem()
  #15 /var/www/dokuwiki/feed.php(68): dokuwiki\Feed\FeedCreator->build()
  #16 {main}
